<?xml version="1.0" encoding="UTF-8"?>
<!-- Generated by org.testng.reporters.JUnitXMLReporter -->
<testsuite hostname="Bipin-PC" ignored="0" name="Default test" tests="2" failures="0" timestamp="09 Jul 2020 15:51:30 GMT" time="163.455" errors="0">
  <testcase name="testToSendMessage" time="91.069" classname="com.icv.clientNotification.test.SendToClients"/>
  <testcase name="testToSendMessage" time="66.958" classname="com.icv.clientNotification.test.SendToClients"/>
</testsuite> <!-- Default test -->
