<?xml version="1.0" encoding="UTF-8"?>
<testng-results skipped="0" failed="0" ignored="0" total="2" passed="2">
  <reporter-output>
  </reporter-output>
  <suite name="Default suite" duration-ms="163455" started-at="2020-07-09T15:48:47Z" finished-at="2020-07-09T15:51:30Z">
    <groups>
    </groups>
    <test name="Default test" duration-ms="163455" started-at="2020-07-09T15:48:47Z" finished-at="2020-07-09T15:51:30Z">
      <class name="com.icv.clientNotification.test.SendToClients">
        <test-method status="PASS" signature="initMethod()[pri:0, instance:com.icv.clientNotification.test.SendToClients@4f30ec]" name="initMethod" is-config="true" duration-ms="4235" started-at="2020-07-09T21:18:47Z" finished-at="2020-07-09T21:18:51Z">
          <reporter-output>
          </reporter-output>
        </test-method> <!-- initMethod -->
        <test-method status="PASS" signature="testToSendMessage(java.lang.String, java.lang.String)[pri:0, instance:com.icv.clientNotification.test.SendToClients@4f30ec]" name="testToSendMessage" duration-ms="91069" started-at="2020-07-09T21:18:51Z" data-provider="clientDetails" finished-at="2020-07-09T21:20:22Z">
          <params>
            <param index="0">
              <value>
                <![CDATA[8750129144]]>
              </value>
            </param>
            <param index="1">
              <value>
                <![CDATA[ok1]]>
              </value>
            </param>
          </params>
          <reporter-output>
          </reporter-output>
        </test-method> <!-- testToSendMessage -->
        <test-method status="PASS" signature="testToSendMessage(java.lang.String, java.lang.String)[pri:0, instance:com.icv.clientNotification.test.SendToClients@4f30ec]" name="testToSendMessage" duration-ms="66958" started-at="2020-07-09T21:20:22Z" data-provider="clientDetails" finished-at="2020-07-09T21:21:29Z">
          <params>
            <param index="0">
              <value>
                <![CDATA[8788888888]]>
              </value>
            </param>
            <param index="1">
              <value>
                <![CDATA[ok3]]>
              </value>
            </param>
          </params>
          <reporter-output>
          </reporter-output>
        </test-method> <!-- testToSendMessage -->
        <test-method status="PASS" signature="endMessageSending()[pri:0, instance:com.icv.clientNotification.test.SendToClients@4f30ec]" name="endMessageSending" is-config="true" duration-ms="969" started-at="2020-07-09T21:21:29Z" finished-at="2020-07-09T21:21:30Z">
          <reporter-output>
          </reporter-output>
        </test-method> <!-- endMessageSending -->
      </class> <!-- com.icv.clientNotification.test.SendToClients -->
    </test> <!-- Default test -->
  </suite> <!-- Default suite -->
</testng-results>
